2022-08-11 03:34:54.772  INFO 16124 --- [restartedMain] com.nik.EmployeeManagementApplication    : Starting EmployeeManagementApplication on DESKTOP-D88I5PE with PID 16124 (E:\Moi\Backend\Spring-Boot-and-Angular8-Crud-master\Employee-Management-Spring-Boot\target\classes started by hp in E:\Moi\Backend\Spring-Boot-and-Angular8-Crud-master\Employee-Management-Spring-Boot)
2022-08-11 03:34:54.810  INFO 16124 --- [restartedMain] com.nik.EmployeeManagementApplication    : The following profiles are active: dev
2022-08-11 03:34:55.259  INFO 16124 --- [restartedMain] o.s.b.devtools.restart.ChangeableUrls    : The Class-Path manifest attribute in C:\Users\hp\.m2\repository\org\glassfish\jaxb\jaxb-runtime\2.3.2\jaxb-runtime-2.3.2.jar referenced one or more files that do not exist: file:/C:/Users/hp/.m2/repository/org/glassfish/jaxb/jaxb-runtime/2.3.2/jakarta.xml.bind-api-2.3.2.jar,file:/C:/Users/hp/.m2/repository/org/glassfish/jaxb/jaxb-runtime/2.3.2/txw2-2.3.2.jar,file:/C:/Users/hp/.m2/repository/org/glassfish/jaxb/jaxb-runtime/2.3.2/istack-commons-runtime-3.0.8.jar,file:/C:/Users/hp/.m2/repository/org/glassfish/jaxb/jaxb-runtime/2.3.2/stax-ex-1.8.1.jar,file:/C:/Users/hp/.m2/repository/org/glassfish/jaxb/jaxb-runtime/2.3.2/FastInfoset-1.2.16.jar,file:/C:/Users/hp/.m2/repository/org/glassfish/jaxb/jaxb-runtime/2.3.2/jakarta.activation-api-1.2.1.jar
2022-08-11 03:34:55.260  INFO 16124 --- [restartedMain] .e.DevToolsPropertyDefaultsPostProcessor : Devtools property defaults active! Set 'spring.devtools.add-properties' to 'false' to disable
2022-08-11 03:34:55.261  INFO 16124 --- [restartedMain] .e.DevToolsPropertyDefaultsPostProcessor : For additional web related logging consider setting the 'logging.level.web' property to 'DEBUG'
2022-08-11 03:34:58.810  INFO 16124 --- [restartedMain] .s.d.r.c.RepositoryConfigurationDelegate : Bootstrapping Spring Data JPA repositories in DEFAULT mode.
2022-08-11 03:34:59.367  INFO 16124 --- [restartedMain] .s.d.r.c.RepositoryConfigurationDelegate : Finished Spring Data repository scanning in 514ms. Found 1 JPA repository interfaces.
2022-08-11 03:35:01.793  INFO 16124 --- [restartedMain] trationDelegate$BeanPostProcessorChecker : Bean 'org.springframework.transaction.annotation.ProxyTransactionManagementConfiguration' of type [org.springframework.transaction.annotation.ProxyTransactionManagementConfiguration] is not eligible for getting processed by all BeanPostProcessors (for example: not eligible for auto-proxying)
2022-08-11 03:35:06.266  INFO 16124 --- [restartedMain] o.s.b.w.embedded.tomcat.TomcatWebServer  : Tomcat initialized with port(s): 8098 (http)
2022-08-11 03:35:06.298  INFO 16124 --- [restartedMain] o.apache.catalina.core.StandardService   : Starting service [Tomcat]
2022-08-11 03:35:06.299  INFO 16124 --- [restartedMain] org.apache.catalina.core.StandardEngine  : Starting Servlet engine: [Apache Tomcat/9.0.29]
2022-08-11 03:35:07.539  INFO 16124 --- [restartedMain] o.a.c.c.C.[Tomcat].[localhost].[/]       : Initializing Spring embedded WebApplicationContext
2022-08-11 03:35:07.540  INFO 16124 --- [restartedMain] o.s.web.context.ContextLoader            : Root WebApplicationContext: initialization completed in 12279 ms
2022-08-11 03:35:07.984  INFO 16124 --- [restartedMain] com.zaxxer.hikari.HikariDataSource       : HikariPool-1 - Starting...
2022-08-11 03:35:09.177  INFO 16124 --- [restartedMain] com.zaxxer.hikari.HikariDataSource       : HikariPool-1 - Start completed.
2022-08-11 03:35:09.243  INFO 16124 --- [restartedMain] o.s.b.a.h2.H2ConsoleAutoConfiguration    : H2 console available at '/h2-console'. Database available at 'jdbc:h2:mem:testdb'
2022-08-11 03:35:10.677  INFO 16124 --- [restartedMain] o.hibernate.jpa.internal.util.LogHelper  : HHH000204: Processing PersistenceUnitInfo [name: default]
2022-08-11 03:35:11.678  INFO 16124 --- [restartedMain] org.hibernate.Version                    : HHH000412: Hibernate Core {5.4.9.Final}
2022-08-11 03:35:12.955  INFO 16124 --- [restartedMain] o.hibernate.annotations.common.Version   : HCANN000001: Hibernate Commons Annotations {5.1.0.Final}
2022-08-11 03:35:14.031  INFO 16124 --- [restartedMain] org.hibernate.dialect.Dialect            : HHH000400: Using dialect: org.hibernate.dialect.H2Dialect
2022-08-11 03:35:16.430  INFO 16124 --- [restartedMain] o.h.e.t.j.p.i.JtaPlatformInitiator       : HHH000490: Using JtaPlatform implementation: [org.hibernate.engine.transaction.jta.platform.internal.NoJtaPlatform]
2022-08-11 03:35:16.455  INFO 16124 --- [restartedMain] j.LocalContainerEntityManagerFactoryBean : Initialized JPA EntityManagerFactory for persistence unit 'default'
2022-08-11 03:35:16.500  INFO 16124 --- [restartedMain] o.s.b.d.a.OptionalLiveReloadServer       : LiveReload server is running on port 35729
2022-08-11 03:35:18.591  WARN 16124 --- [restartedMain] JpaBaseConfiguration$JpaWebConfiguration : spring.jpa.open-in-view is enabled by default. Therefore, database queries may be performed during view rendering. Explicitly configure spring.jpa.open-in-view to disable this warning
2022-08-11 03:35:19.581  INFO 16124 --- [restartedMain] o.s.s.concurrent.ThreadPoolTaskExecutor  : Initializing ExecutorService 'applicationTaskExecutor'
2022-08-11 03:35:22.084  INFO 16124 --- [restartedMain] o.s.s.web.DefaultSecurityFilterChain     : Creating filter chain: any request, [org.springframework.security.web.context.request.async.WebAsyncManagerIntegrationFilter@625f14ff, org.springframework.security.web.context.SecurityContextPersistenceFilter@419c4bc5, org.springframework.security.web.header.HeaderWriterFilter@5458e522, org.springframework.security.web.csrf.CsrfFilter@55fc0ac7, org.springframework.security.web.authentication.logout.LogoutFilter@6befb757, org.springframework.security.web.authentication.UsernamePasswordAuthenticationFilter@725c927a, org.springframework.security.web.authentication.ui.DefaultLoginPageGeneratingFilter@1c8ba832, org.springframework.security.web.authentication.ui.DefaultLogoutPageGeneratingFilter@6b60e21, org.springframework.security.web.authentication.www.BasicAuthenticationFilter@1dd4f98b, org.springframework.security.web.savedrequest.RequestCacheAwareFilter@159e3b8e, org.springframework.security.web.servletapi.SecurityContextHolderAwareRequestFilter@1f8c8758, org.springframework.security.web.authentication.AnonymousAuthenticationFilter@48fcb361, org.springframework.security.web.session.SessionManagementFilter@5e2ffccb, org.springframework.security.web.access.ExceptionTranslationFilter@16189b52, org.springframework.security.web.access.intercept.FilterSecurityInterceptor@7a04957e]
2022-08-11 03:35:22.777  INFO 16124 --- [restartedMain] o.s.b.w.embedded.tomcat.TomcatWebServer  : Tomcat started on port(s): 8098 (http) with context path ''
2022-08-11 03:35:22.806  INFO 16124 --- [restartedMain] com.nik.EmployeeManagementApplication    : Started EmployeeManagementApplication in 31.175 seconds (JVM running for 34.485)
2022-08-11 03:35:48.400  INFO 16124 --- [http-nio-8098-exec-2] o.a.c.c.C.[Tomcat].[localhost].[/]       : Initializing Spring DispatcherServlet 'dispatcherServlet'
2022-08-11 03:35:48.414  INFO 16124 --- [http-nio-8098-exec-2] o.s.web.servlet.DispatcherServlet        : Initializing Servlet 'dispatcherServlet'
2022-08-11 03:35:48.515  INFO 16124 --- [http-nio-8098-exec-2] o.s.web.servlet.DispatcherServlet        : Completed initialization in 85 ms
2022-08-11 03:35:49.021  WARN 16124 --- [http-nio-8098-exec-2] o.a.c.util.SessionIdGeneratorBase        : Creation of SecureRandom instance for session ID generation using [SHA1PRNG] took [301] milliseconds.
2022-08-11 03:46:45.184  INFO 13260 --- [main] c.n.E.EmployeeManagementApplicationTests : Starting EmployeeManagementApplicationTests on DESKTOP-D88I5PE with PID 13260 (started by hp in E:\Moi\Backend\Spring-Boot-and-Angular8-Crud-master\Employee-Management-Spring-Boot)
2022-08-11 03:46:45.188  INFO 13260 --- [main] c.n.E.EmployeeManagementApplicationTests : The following profiles are active: dev
2022-08-11 03:46:49.613  INFO 13260 --- [main] .s.d.r.c.RepositoryConfigurationDelegate : Bootstrapping Spring Data JPA repositories in DEFAULT mode.
2022-08-11 03:46:50.118  INFO 13260 --- [main] .s.d.r.c.RepositoryConfigurationDelegate : Finished Spring Data repository scanning in 414ms. Found 1 JPA repository interfaces.
2022-08-11 03:46:53.024  INFO 13260 --- [main] trationDelegate$BeanPostProcessorChecker : Bean 'org.springframework.transaction.annotation.ProxyTransactionManagementConfiguration' of type [org.springframework.transaction.annotation.ProxyTransactionManagementConfiguration] is not eligible for getting processed by all BeanPostProcessors (for example: not eligible for auto-proxying)
2022-08-11 03:46:54.289  INFO 13260 --- [main] com.zaxxer.hikari.HikariDataSource       : HikariPool-1 - Starting...
2022-08-11 03:46:55.204  INFO 13260 --- [main] com.zaxxer.hikari.HikariDataSource       : HikariPool-1 - Start completed.
2022-08-11 03:46:55.667  INFO 13260 --- [main] o.hibernate.jpa.internal.util.LogHelper  : HHH000204: Processing PersistenceUnitInfo [name: default]
2022-08-11 03:46:55.953  INFO 13260 --- [main] org.hibernate.Version                    : HHH000412: Hibernate Core {5.4.9.Final}
2022-08-11 03:46:56.770  INFO 13260 --- [main] o.hibernate.annotations.common.Version   : HCANN000001: Hibernate Commons Annotations {5.1.0.Final}
2022-08-11 03:46:57.822  INFO 13260 --- [main] org.hibernate.dialect.Dialect            : HHH000400: Using dialect: org.hibernate.dialect.H2Dialect
2022-08-11 03:47:01.074  INFO 13260 --- [main] o.h.e.t.j.p.i.JtaPlatformInitiator       : HHH000490: Using JtaPlatform implementation: [org.hibernate.engine.transaction.jta.platform.internal.NoJtaPlatform]
2022-08-11 03:47:01.194  INFO 13260 --- [main] j.LocalContainerEntityManagerFactoryBean : Initialized JPA EntityManagerFactory for persistence unit 'default'
2022-08-11 03:47:05.503  WARN 13260 --- [main] JpaBaseConfiguration$JpaWebConfiguration : spring.jpa.open-in-view is enabled by default. Therefore, database queries may be performed during view rendering. Explicitly configure spring.jpa.open-in-view to disable this warning
2022-08-11 03:47:07.173  INFO 13260 --- [main] o.s.s.concurrent.ThreadPoolTaskExecutor  : Initializing ExecutorService 'applicationTaskExecutor'
2022-08-11 03:47:09.342  INFO 13260 --- [main] o.s.b.a.h2.H2ConsoleAutoConfiguration    : H2 console available at '/h2-console'. Database available at 'jdbc:h2:mem:testdb'
2022-08-11 03:47:11.134  INFO 13260 --- [main] o.s.s.web.DefaultSecurityFilterChain     : Creating filter chain: any request, [org.springframework.security.web.context.request.async.WebAsyncManagerIntegrationFilter@556944cd, org.springframework.security.web.context.SecurityContextPersistenceFilter@5ca3acad, org.springframework.security.web.header.HeaderWriterFilter@b5bddfe, org.springframework.security.web.csrf.CsrfFilter@152d2a58, org.springframework.security.web.authentication.logout.LogoutFilter@7df23848, org.springframework.security.web.authentication.UsernamePasswordAuthenticationFilter@2e1c5d1f, org.springframework.security.web.authentication.ui.DefaultLoginPageGeneratingFilter@2c51c756, org.springframework.security.web.authentication.ui.DefaultLogoutPageGeneratingFilter@370a935f, org.springframework.security.web.authentication.www.BasicAuthenticationFilter@64df8422, org.springframework.security.web.savedrequest.RequestCacheAwareFilter@5570dc21, org.springframework.security.web.servletapi.SecurityContextHolderAwareRequestFilter@3d213a2b, org.springframework.security.web.authentication.AnonymousAuthenticationFilter@7e017f47, org.springframework.security.web.session.SessionManagementFilter@4e481512, org.springframework.security.web.access.ExceptionTranslationFilter@329efc61, org.springframework.security.web.access.intercept.FilterSecurityInterceptor@51097500]
2022-08-11 03:47:11.743  INFO 13260 --- [main] c.n.E.EmployeeManagementApplicationTests : Started EmployeeManagementApplicationTests in 28.525 seconds (JVM running for 34.12)
2022-08-11 03:47:13.076  INFO 13260 --- [SpringContextShutdownHook] o.s.s.concurrent.ThreadPoolTaskExecutor  : Shutting down ExecutorService 'applicationTaskExecutor'
2022-08-11 03:47:13.089  INFO 13260 --- [SpringContextShutdownHook] j.LocalContainerEntityManagerFactoryBean : Closing JPA EntityManagerFactory for persistence unit 'default'
2022-08-11 03:47:13.097  INFO 13260 --- [SpringContextShutdownHook] .SchemaDropperImpl$DelayedDropActionImpl : HHH000477: Starting delayed evictData of schema as part of SessionFactory shut-down'
2022-08-11 03:47:13.226  INFO 13260 --- [SpringContextShutdownHook] com.zaxxer.hikari.HikariDataSource       : HikariPool-1 - Shutdown initiated...
2022-08-11 03:47:13.248  INFO 13260 --- [SpringContextShutdownHook] com.zaxxer.hikari.HikariDataSource       : HikariPool-1 - Shutdown completed.
2022-08-11 03:48:22.411  INFO 6500 --- [restartedMain] com.nik.EmployeeManagementApplication    : Starting EmployeeManagementApplication on DESKTOP-D88I5PE with PID 6500 (E:\Moi\Backend\Spring-Boot-and-Angular8-Crud-master\Employee-Management-Spring-Boot\target\classes started by hp in E:\Moi\Backend\Spring-Boot-and-Angular8-Crud-master\Employee-Management-Spring-Boot)
2022-08-11 03:48:22.419  INFO 6500 --- [restartedMain] com.nik.EmployeeManagementApplication    : The following profiles are active: dev
2022-08-11 03:48:22.803  INFO 6500 --- [restartedMain] o.s.b.devtools.restart.ChangeableUrls    : The Class-Path manifest attribute in C:\Users\hp\.m2\repository\org\glassfish\jaxb\jaxb-runtime\2.3.2\jaxb-runtime-2.3.2.jar referenced one or more files that do not exist: file:/C:/Users/hp/.m2/repository/org/glassfish/jaxb/jaxb-runtime/2.3.2/jakarta.xml.bind-api-2.3.2.jar,file:/C:/Users/hp/.m2/repository/org/glassfish/jaxb/jaxb-runtime/2.3.2/txw2-2.3.2.jar,file:/C:/Users/hp/.m2/repository/org/glassfish/jaxb/jaxb-runtime/2.3.2/istack-commons-runtime-3.0.8.jar,file:/C:/Users/hp/.m2/repository/org/glassfish/jaxb/jaxb-runtime/2.3.2/stax-ex-1.8.1.jar,file:/C:/Users/hp/.m2/repository/org/glassfish/jaxb/jaxb-runtime/2.3.2/FastInfoset-1.2.16.jar,file:/C:/Users/hp/.m2/repository/org/glassfish/jaxb/jaxb-runtime/2.3.2/jakarta.activation-api-1.2.1.jar
2022-08-11 03:48:22.805  INFO 6500 --- [restartedMain] .e.DevToolsPropertyDefaultsPostProcessor : Devtools property defaults active! Set 'spring.devtools.add-properties' to 'false' to disable
2022-08-11 03:48:22.805  INFO 6500 --- [restartedMain] .e.DevToolsPropertyDefaultsPostProcessor : For additional web related logging consider setting the 'logging.level.web' property to 'DEBUG'
2022-08-11 03:48:26.544  INFO 6500 --- [restartedMain] .s.d.r.c.RepositoryConfigurationDelegate : Bootstrapping Spring Data JPA repositories in DEFAULT mode.
2022-08-11 03:48:27.024  INFO 6500 --- [restartedMain] .s.d.r.c.RepositoryConfigurationDelegate : Finished Spring Data repository scanning in 370ms. Found 1 JPA repository interfaces.
2022-08-11 03:48:29.034  INFO 6500 --- [restartedMain] trationDelegate$BeanPostProcessorChecker : Bean 'org.springframework.transaction.annotation.ProxyTransactionManagementConfiguration' of type [org.springframework.transaction.annotation.ProxyTransactionManagementConfiguration] is not eligible for getting processed by all BeanPostProcessors (for example: not eligible for auto-proxying)
2022-08-11 03:48:30.958  INFO 6500 --- [restartedMain] o.s.b.w.embedded.tomcat.TomcatWebServer  : Tomcat initialized with port(s): 8098 (http)
2022-08-11 03:48:31.017  INFO 6500 --- [restartedMain] o.apache.catalina.core.StandardService   : Starting service [Tomcat]
2022-08-11 03:48:31.018  INFO 6500 --- [restartedMain] org.apache.catalina.core.StandardEngine  : Starting Servlet engine: [Apache Tomcat/9.0.29]
2022-08-11 03:48:31.798  INFO 6500 --- [restartedMain] o.a.c.c.C.[Tomcat].[localhost].[/]       : Initializing Spring embedded WebApplicationContext
2022-08-11 03:48:31.800  INFO 6500 --- [restartedMain] o.s.web.context.ContextLoader            : Root WebApplicationContext: initialization completed in 8995 ms
2022-08-11 03:48:32.054  INFO 6500 --- [restartedMain] com.zaxxer.hikari.HikariDataSource       : HikariPool-1 - Starting...
2022-08-11 03:48:32.789  INFO 6500 --- [restartedMain] com.zaxxer.hikari.HikariDataSource       : HikariPool-1 - Start completed.
2022-08-11 03:48:32.816  INFO 6500 --- [restartedMain] o.s.b.a.h2.H2ConsoleAutoConfiguration    : H2 console available at '/h2-console'. Database available at 'jdbc:h2:mem:testdb'
2022-08-11 03:48:34.015  INFO 6500 --- [restartedMain] o.hibernate.jpa.internal.util.LogHelper  : HHH000204: Processing PersistenceUnitInfo [name: default]
2022-08-11 03:48:34.368  INFO 6500 --- [restartedMain] org.hibernate.Version                    : HHH000412: Hibernate Core {5.4.9.Final}
2022-08-11 03:48:35.956  INFO 6500 --- [restartedMain] o.hibernate.annotations.common.Version   : HCANN000001: Hibernate Commons Annotations {5.1.0.Final}
2022-08-11 03:48:36.451  INFO 6500 --- [restartedMain] org.hibernate.dialect.Dialect            : HHH000400: Using dialect: org.hibernate.dialect.H2Dialect
2022-08-11 03:48:38.678  INFO 6500 --- [restartedMain] o.h.e.t.j.p.i.JtaPlatformInitiator       : HHH000490: Using JtaPlatform implementation: [org.hibernate.engine.transaction.jta.platform.internal.NoJtaPlatform]
2022-08-11 03:48:38.703  INFO 6500 --- [restartedMain] j.LocalContainerEntityManagerFactoryBean : Initialized JPA EntityManagerFactory for persistence unit 'default'
2022-08-11 03:48:38.758  INFO 6500 --- [restartedMain] o.s.b.d.a.OptionalLiveReloadServer       : LiveReload server is running on port 35729
2022-08-11 03:48:40.418  WARN 6500 --- [restartedMain] JpaBaseConfiguration$JpaWebConfiguration : spring.jpa.open-in-view is enabled by default. Therefore, database queries may be performed during view rendering. Explicitly configure spring.jpa.open-in-view to disable this warning
2022-08-11 03:48:41.305  INFO 6500 --- [restartedMain] o.s.s.concurrent.ThreadPoolTaskExecutor  : Initializing ExecutorService 'applicationTaskExecutor'
2022-08-11 03:48:44.341  INFO 6500 --- [restartedMain] o.s.s.web.DefaultSecurityFilterChain     : Creating filter chain: any request, [org.springframework.security.web.context.request.async.WebAsyncManagerIntegrationFilter@5d839f88, org.springframework.security.web.context.SecurityContextPersistenceFilter@505db4f0, org.springframework.security.web.header.HeaderWriterFilter@6ffc8fa7, org.springframework.security.web.csrf.CsrfFilter@7e5e07f5, org.springframework.security.web.authentication.logout.LogoutFilter@6aa7ba8d, org.springframework.security.web.authentication.UsernamePasswordAuthenticationFilter@7799acf6, org.springframework.security.web.authentication.ui.DefaultLoginPageGeneratingFilter@44a782cb, org.springframework.security.web.authentication.ui.DefaultLogoutPageGeneratingFilter@27ffb3bb, org.springframework.security.web.authentication.www.BasicAuthenticationFilter@4036d223, org.springframework.security.web.savedrequest.RequestCacheAwareFilter@1409ec4c, org.springframework.security.web.servletapi.SecurityContextHolderAwareRequestFilter@19b1c616, org.springframework.security.web.authentication.AnonymousAuthenticationFilter@2c6dcf07, org.springframework.security.web.session.SessionManagementFilter@704cf19c, org.springframework.security.web.access.ExceptionTranslationFilter@326ae176, org.springframework.security.web.access.intercept.FilterSecurityInterceptor@3e4363d2]
2022-08-11 03:48:44.793  INFO 6500 --- [restartedMain] o.s.b.w.embedded.tomcat.TomcatWebServer  : Tomcat started on port(s): 8098 (http) with context path ''
2022-08-11 03:48:44.816  INFO 6500 --- [restartedMain] com.nik.EmployeeManagementApplication    : Started EmployeeManagementApplication in 23.833 seconds (JVM running for 26.241)
2022-08-11 03:50:03.969  INFO 6500 --- [http-nio-8098-exec-1] o.a.c.c.C.[Tomcat].[localhost].[/]       : Initializing Spring DispatcherServlet 'dispatcherServlet'
2022-08-11 03:50:03.970  INFO 6500 --- [http-nio-8098-exec-1] o.s.web.servlet.DispatcherServlet        : Initializing Servlet 'dispatcherServlet'
2022-08-11 03:50:04.017  INFO 6500 --- [http-nio-8098-exec-1] o.s.web.servlet.DispatcherServlet        : Completed initialization in 46 ms
2022-08-11 03:50:04.373  WARN 6500 --- [http-nio-8098-exec-1] o.a.c.util.SessionIdGeneratorBase        : Creation of SecureRandom instance for session ID generation using [SHA1PRNG] took [153] milliseconds.
